#
# There is insufficient memory for the Java Runtime Environment to continue.
# Native memory allocation (malloc) failed to allocate 32744 bytes for ChunkPool::allocate
# Possible reasons:
#   The system is out of physical RAM or swap space
#   The process is running with CompressedOops enabled, and the Java Heap may be blocking the growth of the native heap
# Possible solutions:
#   Reduce memory load on the system
#   Increase physical memory or swap space
#   Check if swap backing store is full
#   Decrease Java heap size (-Xmx/-Xms)
#   Decrease number of Java threads
#   Decrease Java thread stack sizes (-Xss)
#   Set larger code cache with -XX:ReservedCodeCacheSize=
#   JVM is running with Zero Based Compressed Oops mode in which the Java heap is
#     placed in the first 32GB address space. The Java Heap base address is the
#     maximum limit for the native heap growth. Please use -XX:HeapBaseMinAddress
#     to set the Java Heap base and to place the Java Heap above 32GB virtual address.
# This output file may be truncated or incomplete.
#
#  Out of Memory Error (allocation.cpp:272), pid=8920, tid=0x0000000000002a60
#
# JRE version: Java(TM) SE Runtime Environment (8.0_241-b07) (build 1.8.0_241-b07)
# Java VM: Java HotSpot(TM) 64-Bit Server VM (25.241-b07 mixed mode windows-amd64 compressed oops)
# Failed to write core dump. Minidumps are not enabled by default on client versions of Windows
#

---------------  T H R E A D  ---------------

Current thread (0x000000001f576000):  JavaThread "C1 CompilerThread3" daemon [_thread_in_native, id=10848, stack(0x000000001ff60000,0x0000000020060000)]

Stack: [0x000000001ff60000,0x0000000020060000]
[error occurred during error reporting (printing stack bounds), id 0xc0000005]

Native frames: (J=compiled Java code, j=interpreted, Vv=VM code, C=native code)


Current CompileTask:
C1:   4124 3761       1       org.springframework.asm.ClassReader::readCode (5085 bytes)


---------------  P R O C E S S  ---------------

Java Threads: ( => current thread )
  0x0000000021914000 JavaThread "HikariPool-1 connection adder" daemon [_thread_blocked, id=21960, stack(0x0000000023dd0000,0x0000000023ed0000)]
  0x000000001eadc800 JavaThread "HikariPool-1 housekeeper" daemon [_thread_blocked, id=12368, stack(0x0000000023ad0000,0x0000000023bd0000)]
  0x00000000218b6000 JavaThread "mysql-cj-abandoned-connection-cleanup" daemon [_thread_blocked, id=12032, stack(0x00000000232d0000,0x00000000233d0000)]
  0x0000000021915800 JavaThread "container-0" [_thread_blocked, id=1496, stack(0x00000000231d0000,0x00000000232d0000)]
  0x00000000216bb000 JavaThread "Catalina-utility-2" [_thread_blocked, id=23664, stack(0x00000000230d0000,0x00000000231d0000)]
  0x0000000021913800 JavaThread "Catalina-utility-1" [_thread_blocked, id=6892, stack(0x0000000022ed0000,0x0000000022fd0000)]
  0x000000001f3f9800 JavaThread "RMI Scheduler(0)" daemon [_thread_blocked, id=10860, stack(0x00000000225d0000,0x00000000226d0000)]
  0x0000000021227000 JavaThread "RMI TCP Connection(1)-192.168.40.1" daemon [_thread_in_native, id=12164, stack(0x00000000224d0000,0x00000000225d0000)]
  0x000000001f843800 JavaThread "RMI TCP Accept-0" daemon [_thread_in_native, id=18264, stack(0x00000000204a0000,0x00000000205a0000)]
  0x000000001f5bd000 JavaThread "Service Thread" daemon [_thread_blocked, id=11448, stack(0x0000000020060000,0x0000000020160000)]
=>0x000000001f576000 JavaThread "C1 CompilerThread3" daemon [_thread_in_native, id=10848, stack(0x000000001ff60000,0x0000000020060000)]
  0x000000001f553800 JavaThread "C2 CompilerThread2" daemon [_thread_blocked, id=6904, stack(0x000000001fe60000,0x000000001ff60000)]
  0x000000001f553000 JavaThread "C2 CompilerThread1" daemon [_thread_blocked, id=7028, stack(0x000000001fd60000,0x000000001fe60000)]
  0x000000001f550000 JavaThread "C2 CompilerThread0" daemon [_thread_blocked, id=22304, stack(0x000000001fc60000,0x000000001fd60000)]
  0x000000001f54e800 JavaThread "Monitor Ctrl-Break" daemon [_thread_in_native, id=9416, stack(0x000000001fb60000,0x000000001fc60000)]
  0x000000001ea9d800 JavaThread "Attach Listener" daemon [_thread_blocked, id=3096, stack(0x000000001f260000,0x000000001f360000)]
  0x000000001ea9c800 JavaThread "Signal Dispatcher" daemon [_thread_blocked, id=2296, stack(0x000000001f160000,0x000000001f260000)]
  0x000000001cc96800 JavaThread "Finalizer" daemon [_thread_blocked, id=3656, stack(0x000000001ef60000,0x000000001f060000)]
  0x000000001cc8f800 JavaThread "Reference Handler" daemon [_thread_blocked, id=8244, stack(0x000000001ee60000,0x000000001ef60000)]
  0x000000000309b000 JavaThread "main" [_thread_in_Java, id=6820, stack(0x0000000002f90000,0x0000000003090000)]

Other Threads:
  0x000000001cc87800 VMThread [stack: 0x000000001e960000,0x000000001ea60000] [id=23736]
  0x000000001f852800 WatcherThread [stack: 0x00000000205a0000,0x00000000206a0000] [id=13572]

VM state:not at safepoint (normal execution)

VM Mutex/Monitor currently owned by a thread: None

heap address: 0x00000006c2600000, size: 4058 MB, Compressed Oops mode: Zero based, Oop shift amount: 3
Narrow klass base: 0x0000000000000000, Narrow klass shift: 3
Compressed class space size: 1073741824 Address: 0x00000007c0000000

Heap:
 PSYoungGen      total 357888K, used 53726K [0x000000076b780000, 0x0000000783000000, 0x00000007c0000000)
  eden space 351744K, 15% used [0x000000076b780000,0x000000076ebf78b8,0x0000000780f00000)
  from space 6144K, 0% used [0x0000000782a00000,0x0000000782a00000,0x0000000783000000)
  to   space 16896K, 0% used [0x0000000780f00000,0x0000000780f00000,0x0000000781f80000)
 ParOldGen       total 131584K, used 14897K [0x00000006c2600000, 0x00000006ca680000, 0x000000076b780000)
  object space 131584K, 11% used [0x00000006c2600000,0x00000006c348c420,0x00000006ca680000)
 Metaspace       used 47646K, capacity 50102K, committed 50304K, reserved 1093632K
  class space    used 6826K, capacity 7273K, committed 7296K, reserved 1048576K

Card table byte_map: [0x0000000012650000,0x0000000012e40000] byte_map_base: 0x000000000f03d000

Marking Bits: (ParMarkBitMap*) 0x000000005683be30
 Begin Bits: [0x0000000013b90000, 0x0000000017af8000)
 End Bits:   [0x0000000017af8000, 0x000000001ba60000)

Polling page: 0x0000000002ec0000

CodeCache: size=245760Kb used=7441Kb max_used=7441Kb free=238318Kb
 bounds [0x0000000003290000, 0x00000000039e0000, 0x0000000012290000]
 total_blobs=4290 nmethods=3760 adapters=442
 compilation: enabled

Compilation events (10 events):
Event: 4.108 Thread 0x000000001f576000 nmethod 3755 0x00000000039d2810 code [0x00000000039d2960, 0x00000000039d2aa8]
Event: 4.108 Thread 0x000000001f576000 3757       1       org.springframework.data.repository.util.ReactiveWrappers::findDescriptor (31 bytes)
Event: 4.108 Thread 0x000000001f576000 nmethod 3757 0x00000000039d2b10 code [0x00000000039d2cc0, 0x00000000039d3128]
Event: 4.108 Thread 0x000000001f576000 3758       1       java.util.stream.ReferencePipeline$Head::forEach (26 bytes)
Event: 4.108 Thread 0x000000001f576000 nmethod 3758 0x00000000039d3450 code [0x00000000039d35e0, 0x00000000039d38b8]
Event: 4.108 Thread 0x000000001f576000 3759       1       java.util.stream.AbstractPipeline::sourceStageSpliterator (112 bytes)
Event: 4.109 Thread 0x000000001f576000 nmethod 3759 0x00000000039d3ad0 code [0x00000000039d3c80, 0x00000000039d4078]
Event: 4.112 Thread 0x000000001f576000 3760       1       org.springframework.beans.factory.config.DependencyDescriptor::isEager (5 bytes)
Event: 4.112 Thread 0x000000001f576000 nmethod 3760 0x00000000039d4250 code [0x00000000039d43a0, 0x00000000039d44b0]
Event: 4.116 Thread 0x000000001f576000 3761       1       org.springframework.asm.ClassReader::readCode (5085 bytes)

GC Heap History (10 events):
Event: 3.623 GC heap before
{Heap before GC invocations=11 (full 3):
 PSYoungGen      total 349184K, used 12772K [0x000000076b780000, 0x0000000783680000, 0x00000007c0000000)
  eden space 336384K, 0% used [0x000000076b780000,0x000000076b780000,0x0000000780000000)
  from space 12800K, 99% used [0x0000000782a00000,0x0000000783679148,0x0000000783680000)
  to   space 15360K, 0% used [0x0000000781880000,0x0000000781880000,0x0000000782780000)
 ParOldGen       total 131584K, used 18960K [0x00000006c2600000, 0x00000006ca680000, 0x000000076b780000)
  object space 131584K, 14% used [0x00000006c2600000,0x00000006c3884068,0x00000006ca680000)
 Metaspace       used 46225K, capacity 48482K, committed 48512K, reserved 1095680K
  class space    used 6578K, capacity 7011K, committed 7040K, reserved 1048576K
Event: 3.751 GC heap after
Heap after GC invocations=11 (full 3):
 PSYoungGen      total 349184K, used 0K [0x000000076b780000, 0x0000000783680000, 0x00000007c0000000)
  eden space 336384K, 0% used [0x000000076b780000,0x000000076b780000,0x0000000780000000)
  from space 12800K, 0% used [0x0000000782a00000,0x0000000782a00000,0x0000000783680000)
  to   space 15360K, 0% used [0x0000000781880000,0x0000000781880000,0x0000000782780000)
 ParOldGen       total 131584K, used 27040K [0x00000006c2600000, 0x00000006ca680000, 0x000000076b780000)
  object space 131584K, 20% used [0x00000006c2600000,0x00000006c40683b8,0x00000006ca680000)
 Metaspace       used 46225K, capacity 48482K, committed 48512K, reserved 1093632K
  class space    used 6578K, capacity 7011K, committed 7040K, reserved 1048576K
}
Event: 3.751 GC heap before
{Heap before GC invocations=12 (full 3):
 PSYoungGen      total 349184K, used 0K [0x000000076b780000, 0x0000000783680000, 0x00000007c0000000)
  eden space 336384K, 0% used [0x000000076b780000,0x000000076b780000,0x0000000780000000)
  from space 12800K, 0% used [0x0000000782a00000,0x0000000782a00000,0x0000000783680000)
  to   space 15360K, 0% used [0x0000000781880000,0x0000000781880000,0x0000000782780000)
 ParOldGen       total 131584K, used 27040K [0x00000006c2600000, 0x00000006ca680000, 0x000000076b780000)
  object space 131584K, 20% used [0x00000006c2600000,0x00000006c40683b8,0x00000006ca680000)
 Metaspace       used 46225K, capacity 48482K, committed 48512K, reserved 1097728K
  class space    used 6578K, capacity 7011K, committed 7040K, reserved 1048576K
Event: 3.753 GC heap after
Heap after GC invocations=12 (full 3):
 PSYoungGen      total 351744K, used 0K [0x000000076b780000, 0x0000000783680000, 0x00000007c0000000)
  eden space 336384K, 0% used [0x000000076b780000,0x000000076b780000,0x0000000780000000)
  from space 15360K, 0% used [0x0000000781880000,0x0000000781880000,0x0000000782780000)
  to   space 12800K, 0% used [0x0000000782a00000,0x0000000782a00000,0x0000000783680000)
 ParOldGen       total 131584K, used 27040K [0x00000006c2600000, 0x00000006ca680000, 0x000000076b780000)
  object space 131584K, 20% used [0x00000006c2600000,0x00000006c40683b8,0x00000006ca680000)
 Metaspace       used 46225K, capacity 48482K, committed 48512K, reserved 1097728K
  class space    used 6578K, capacity 7011K, committed 7040K, reserved 1048576K
}
Event: 3.753 GC heap before
{Heap before GC invocations=13 (full 4):
 PSYoungGen      total 351744K, used 0K [0x000000076b780000, 0x0000000783680000, 0x00000007c0000000)
  eden space 336384K, 0% used [0x000000076b780000,0x000000076b780000,0x0000000780000000)
  from space 15360K, 0% used [0x0000000781880000,0x0000000781880000,0x0000000782780000)
  to   space 12800K, 0% used [0x0000000782a00000,0x0000000782a00000,0x0000000783680000)
 ParOldGen       total 131584K, used 27040K [0x00000006c2600000, 0x00000006ca680000, 0x000000076b780000)
  object space 131584K, 20% used [0x00000006c2600000,0x00000006c40683b8,0x00000006ca680000)
 Metaspace       used 46225K, capacity 48482K, committed 48512K, reserved 1097728K
  class space    used 6578K, capacity 7011K, committed 7040K, reserved 1048576K
Event: 3.843 GC heap after
Heap after GC invocations=13 (full 4):
 PSYoungGen      total 351744K, used 0K [0x000000076b780000, 0x0000000783680000, 0x00000007c0000000)
  eden space 336384K, 0% used [0x000000076b780000,0x000000076b780000,0x0000000780000000)
  from space 15360K, 0% used [0x0000000781880000,0x0000000781880000,0x0000000782780000)
  to   space 12800K, 0% used [0x0000000782a00000,0x0000000782a00000,0x0000000783680000)
 ParOldGen       total 131584K, used 23989K [0x00000006c2600000, 0x00000006ca680000, 0x000000076b780000)
  object space 131584K, 18% used [0x00000006c2600000,0x00000006c3d6d5b8,0x00000006ca680000)
 Metaspace       used 46025K, capacity 48162K, committed 48512K, reserved 1093632K
  class space    used 6545K, capacity 6953K, committed 7040K, reserved 1048576K
}
Event: 3.853 GC heap before
{Heap before GC invocations=14 (full 4):
 PSYoungGen      total 351744K, used 6032K [0x000000076b780000, 0x0000000783680000, 0x00000007c0000000)
  eden space 336384K, 1% used [0x000000076b780000,0x000000076bd64230,0x0000000780000000)
  from space 15360K, 0% used [0x0000000781880000,0x0000000781880000,0x0000000782780000)
  to   space 12800K, 0% used [0x0000000782a00000,0x0000000782a00000,0x0000000783680000)
 ParOldGen       total 131584K, used 23989K [0x00000006c2600000, 0x00000006ca680000, 0x000000076b780000)
  object space 131584K, 18% used [0x00000006c2600000,0x00000006c3d6d5b8,0x00000006ca680000)
 Metaspace       used 46074K, capacity 48246K, committed 48512K, reserved 1097728K
  class space    used 6563K, capacity 6971K, committed 7040K, reserved 1048576K
Event: 3.855 GC heap after
Heap after GC invocations=14 (full 4):
 PSYoungGen      total 357888K, used 380K [0x000000076b780000, 0x0000000783000000, 0x00000007c0000000)
  eden space 351744K, 0% used [0x000000076b780000,0x000000076b780000,0x0000000780f00000)
  from space 6144K, 6% used [0x0000000782a00000,0x0000000782a5f3d0,0x0000000783000000)
  to   space 16896K, 0% used [0x0000000780f00000,0x0000000780f00000,0x0000000781f80000)
 ParOldGen       total 131584K, used 23989K [0x00000006c2600000, 0x00000006ca680000, 0x000000076b780000)
  object space 131584K, 18% used [0x00000006c2600000,0x00000006c3d6d5b8,0x00000006ca680000)
 Metaspace       used 46074K, capacity 48246K, committed 48512K, reserved 1097728K
  class space    used 6563K, capacity 6971K, committed 7040K, reserved 1048576K
}
Event: 3.855 GC heap before
{Heap before GC invocations=15 (full 5):
 PSYoungGen      total 357888K, used 380K [0x000000076b780000, 0x0000000783000000, 0x00000007c0000000)
  eden space 351744K, 0% used [0x000000076b780000,0x000000076b780000,0x0000000780f00000)
  from space 6144K, 6% used [0x0000000782a00000,0x0000000782a5f3d0,0x0000000783000000)
  to   space 16896K, 0% used [0x0000000780f00000,0x0000000780f00000,0x0000000781f80000)
 ParOldGen       total 131584K, used 23989K [0x00000006c2600000, 0x00000006ca680000, 0x000000076b780000)
  object space 131584K, 18% used [0x00000006c2600000,0x00000006c3d6d5b8,0x00000006ca680000)
 Metaspace       used 46074K, capacity 48246K, committed 48512K, reserved 1097728K
  class space    used 6563K, capacity 6971K, committed 7040K, reserved 1048576K
Event: 3.888 GC heap after
Heap after GC invocations=15 (full 5):
 PSYoungGen      total 357888K, used 0K [0x000000076b780000, 0x0000000783000000, 0x00000007c0000000)
  eden space 351744K, 0% used [0x000000076b780000,0x000000076b780000,0x0000000780f00000)
  from space 6144K, 0% used [0x0000000782a00000,0x0000000782a00000,0x0000000783000000)
  to   space 16896K, 0% used [0x0000000780f00000,0x0000000780f00000,0x0000000781f80000)
 ParOldGen       total 131584K, used 14897K [0x00000006c2600000, 0x00000006ca680000, 0x000000076b780000)
  object space 131584K, 11% used [0x00000006c2600000,0x00000006c348c420,0x00000006ca680000)
 Metaspace       used 46074K, capacity 48246K, committed 48512K, reserved 1093632K
  class space    used 6563K, capacity 6971K, committed 7040K, reserved 1048576K
}

Deoptimization events (0 events):
No events

Classes redefined (0 events):
No events

Internal exceptions (10 events):
Event: 4.005 Thread 0x000000000309b000 Exception <a 'java/lang/ArrayIndexOutOfBoundsException'> (0x000000076d26b808) thrown at [C:\ade\jenkins\workspace\8-2-build-windows-amd64-cygwin\jdk8u241\331\hotspot\src\share\vm\runtime\sharedRuntime.cpp, line 605]
Event: 4.006 Thread 0x000000000309b000 Exception <a 'java/lang/ArrayIndexOutOfBoundsException'> (0x000000076d282778) thrown at [C:\ade\jenkins\workspace\8-2-build-windows-amd64-cygwin\jdk8u241\331\hotspot\src\share\vm\runtime\sharedRuntime.cpp, line 605]
Event: 4.006 Thread 0x000000000309b000 Exception <a 'java/lang/ArrayIndexOutOfBoundsException'> (0x000000076d2964d8) thrown at [C:\ade\jenkins\workspace\8-2-build-windows-amd64-cygwin\jdk8u241\331\hotspot\src\share\vm\runtime\sharedRuntime.cpp, line 605]
Event: 4.035 Thread 0x000000000309b000 Exception <a 'java/lang/ArrayIndexOutOfBoundsException'> (0x000000076d8f32c8) thrown at [C:\ade\jenkins\workspace\8-2-build-windows-amd64-cygwin\jdk8u241\331\hotspot\src\share\vm\runtime\sharedRuntime.cpp, line 605]
Event: 4.049 Thread 0x000000000309b000 Exception <a 'java/lang/ClassNotFoundException': java/lang/ObjectCustomizer> (0x000000076dcce618) thrown at [C:\ade\jenkins\workspace\8-2-build-windows-amd64-cygwin\jdk8u241\331\hotspot\src\share\vm\classfile\systemDictionary.cpp, line 210]
Event: 4.050 Thread 0x000000000309b000 Exception <a 'java/lang/ClassNotFoundException': org/springframework/boot/autoconfigure/jersey/JerseyAutoConfiguration$JacksonResourceConfigCustomizer$JaxbObjectMapperCustomizerCustomizer> (0x000000076dd12128) thrown at [C:\ade\jenkins\workspace\8-2-build
Event: 4.055 Thread 0x0000000021227000 Exception <a 'java/lang/NoSuchMethodError': <clinit>> (0x000000076e355208) thrown at [C:\ade\jenkins\workspace\8-2-build-windows-amd64-cygwin\jdk8u241\331\hotspot\src\share\vm\prims\jni.cpp, line 1614]
Event: 4.066 Thread 0x000000000309b000 Exception <a 'java/lang/ArrayIndexOutOfBoundsException'> (0x000000076df1d5d0) thrown at [C:\ade\jenkins\workspace\8-2-build-windows-amd64-cygwin\jdk8u241\331\hotspot\src\share\vm\runtime\sharedRuntime.cpp, line 605]
Event: 4.106 Thread 0x000000000309b000 Exception <a 'java/lang/ArrayIndexOutOfBoundsException'> (0x000000076e77cdb8) thrown at [C:\ade\jenkins\workspace\8-2-build-windows-amd64-cygwin\jdk8u241\331\hotspot\src\share\vm\runtime\sharedRuntime.cpp, line 605]
Event: 4.106 Thread 0x000000000309b000 Exception <a 'java/lang/ArrayIndexOutOfBoundsException'> (0x000000076e78dcd0) thrown at [C:\ade\jenkins\workspace\8-2-build-windows-amd64-cygwin\jdk8u241\331\hotspot\src\share\vm\runtime\sharedRuntime.cpp, line 605]

Events (10 events):
Event: 4.121 loading class org/springframework/web/bind/support/DefaultSessionAttributeStore
Event: 4.121 loading class org/springframework/web/bind/support/DefaultSessionAttributeStore done
Event: 4.121 loading class org/springframework/web/bind/support/SessionAttributeStore
Event: 4.121 loading class org/springframework/web/bind/support/SessionAttributeStore done
Event: 4.122 loading class org/joda/time/LocalDate
Event: 4.122 loading class org/joda/time/LocalDate done
Event: 4.122 loading class org/joda/time$LocalDate
Event: 4.122 loading class org/joda/time$LocalDate done
Event: 4.122 loading class org/springframework/boot/autoconfigure/http/HttpMessageConverters
Event: 4.123 loading class org/springframework/boot/autoconfigure/http/HttpMessageConverters done


Dynamic libraries:
0x00007ff7fa290000 - 0x00007ff7fa2c7000 	C:\Program Files\Java\jdk1.8.0_241\bin\java.exe
0x00007ff9e2280000 - 0x00007ff9e246d000 	C:\Windows\SYSTEM32\ntdll.dll
0x00007ff9e1c90000 - 0x00007ff9e1d43000 	C:\Windows\System32\KERNEL32.DLL
0x00007ff9df020000 - 0x00007ff9df2b3000 	C:\Windows\System32\KERNELBASE.dll
0x00007ff9e1de0000 - 0x00007ff9e1e83000 	C:\Windows\System32\ADVAPI32.dll
0x00007ff9e21b0000 - 0x00007ff9e224e000 	C:\Windows\System32\msvcrt.dll
0x00007ff9df5d0000 - 0x00007ff9df66e000 	C:\Windows\System32\sechost.dll
0x00007ff9dfeb0000 - 0x00007ff9dffd2000 	C:\Windows\System32\RPCRT4.dll
0x00007ff9df680000 - 0x00007ff9df817000 	C:\Windows\System32\USER32.dll
0x00007ff9dedc0000 - 0x00007ff9dede0000 	C:\Windows\System32\win32u.dll
0x00007ff9dffe0000 - 0x00007ff9e0009000 	C:\Windows\System32\GDI32.dll
0x00007ff9debd0000 - 0x00007ff9ded69000 	C:\Windows\System32\gdi32full.dll
0x00007ff9dee00000 - 0x00007ff9deea0000 	C:\Windows\System32\msvcp_win.dll
0x00007ff9def20000 - 0x00007ff9df01a000 	C:\Windows\System32\ucrtbase.dll
0x00007ff9ccd10000 - 0x00007ff9ccf89000 	C:\Windows\WinSxS\amd64_microsoft.windows.common-controls_6595b64144ccf1df_6.0.17763.1098_none_de762ed45346ee8a\COMCTL32.dll
0x00007ff9e00b0000 - 0x00007ff9e03dc000 	C:\Windows\System32\combase.dll
0x00007ff9deea0000 - 0x00007ff9def1e000 	C:\Windows\System32\bcryptPrimitives.dll
0x00007ff9e03e0000 - 0x00007ff9e040e000 	C:\Windows\System32\IMM32.DLL
0x0000000057ac0000 - 0x0000000057b92000 	C:\Program Files\Java\jdk1.8.0_241\jre\bin\msvcr100.dll
0x0000000056010000 - 0x00000000568bc000 	C:\Program Files\Java\jdk1.8.0_241\jre\bin\server\jvm.dll
0x00007ff9df670000 - 0x00007ff9df678000 	C:\Windows\System32\PSAPI.DLL
0x00007ff9b6150000 - 0x00007ff9b6159000 	C:\Windows\SYSTEM32\WSOCK32.dll
0x00007ff9d8a30000 - 0x00007ff9d8a3a000 	C:\Windows\SYSTEM32\VERSION.dll
0x00007ff9dbe70000 - 0x00007ff9dbe94000 	C:\Windows\SYSTEM32\WINMM.dll
0x00007ff9e1d50000 - 0x00007ff9e1dbd000 	C:\Windows\System32\WS2_32.dll
0x00007ff9dbe40000 - 0x00007ff9dbe6d000 	C:\Windows\SYSTEM32\WINMMBASE.dll
0x00007ff9ded70000 - 0x00007ff9dedba000 	C:\Windows\System32\cfgmgr32.dll
0x00007ff9cf330000 - 0x00007ff9cf33f000 	C:\Program Files\Java\jdk1.8.0_241\jre\bin\verify.dll
0x00007ff9a1880000 - 0x00007ff9a18a9000 	C:\Program Files\Java\jdk1.8.0_241\jre\bin\java.dll
0x00007ff9a1850000 - 0x00007ff9a1873000 	C:\Program Files\Java\jdk1.8.0_241\jre\bin\instrument.dll
0x00007ff9b5e20000 - 0x00007ff9b5e36000 	C:\Program Files\Java\jdk1.8.0_241\jre\bin\zip.dll
0x00007ff9e0410000 - 0x00007ff9e1904000 	C:\Windows\System32\SHELL32.dll
0x00007ff9e1910000 - 0x00007ff9e19b8000 	C:\Windows\System32\shcore.dll
0x00007ff9de450000 - 0x00007ff9deb9d000 	C:\Windows\System32\windows.storage.dll
0x00007ff9de310000 - 0x00007ff9de334000 	C:\Windows\System32\profapi.dll
0x00007ff9de2b0000 - 0x00007ff9de30d000 	C:\Windows\System32\powrprof.dll
0x00007ff9e2150000 - 0x00007ff9e21a2000 	C:\Windows\System32\shlwapi.dll
0x00007ff9de270000 - 0x00007ff9de281000 	C:\Windows\System32\kernel.appcore.dll
0x00007ff9dede0000 - 0x00007ff9dedf7000 	C:\Windows\System32\cryptsp.dll
0x00007ff9a3eb0000 - 0x00007ff9a3eca000 	C:\Program Files\JetBrains\IntelliJ IDEA 2019.3.3\bin\breakgen64.dll
0x00007ff9a0f90000 - 0x00007ff9a0faa000 	C:\Program Files\Java\jdk1.8.0_241\jre\bin\net.dll
0x00007ff9ddae0000 - 0x00007ff9ddb47000 	C:\Windows\system32\mswsock.dll
0x00007ff9dd840000 - 0x00007ff9dd906000 	C:\Windows\SYSTEM32\DNSAPI.dll
0x00007ff9e0010000 - 0x00007ff9e0018000 	C:\Windows\System32\NSI.dll
0x00007ff9dd800000 - 0x00007ff9dd83d000 	C:\Windows\SYSTEM32\IPHLPAPI.DLL
0x00007ff9d10b0000 - 0x00007ff9d10ba000 	C:\Windows\System32\rasadhlp.dll
0x00007ff9d1910000 - 0x00007ff9d1989000 	C:\Windows\System32\fwpuclnt.dll
0x00007ff9deba0000 - 0x00007ff9debc6000 	C:\Windows\System32\bcrypt.dll
0x00007ff9ac910000 - 0x00007ff9ac91d000 	C:\Program Files\Java\jdk1.8.0_241\jre\bin\management.dll
0x00007ff9a0d40000 - 0x00007ff9a0d52000 	C:\Program Files\Java\jdk1.8.0_241\jre\bin\nio.dll
0x00007ff9dd660000 - 0x00007ff9dd693000 	C:\Windows\system32\rsaenh.dll
0x00007ff9de1a0000 - 0x00007ff9de1c8000 	C:\Windows\SYSTEM32\USERENV.dll
0x00007ff9ddcb0000 - 0x00007ff9ddcbc000 	C:\Windows\SYSTEM32\CRYPTBASE.dll
0x00007ff9d6f00000 - 0x00007ff9d6f16000 	C:\Windows\SYSTEM32\dhcpcsvc6.DLL
0x00007ff9d6ee0000 - 0x00007ff9d6efc000 	C:\Windows\SYSTEM32\dhcpcsvc.DLL
0x00007ff9b5ee0000 - 0x00007ff9b5ef6000 	C:\Windows\system32\napinsp.dll
0x00007ff9b5ec0000 - 0x00007ff9b5eda000 	C:\Windows\system32\pnrpnsp.dll
0x00007ff9b60d0000 - 0x00007ff9b60de000 	C:\Windows\System32\winrnr.dll
0x00007ff9dae70000 - 0x00007ff9dae8b000 	C:\Windows\system32\NLAapi.dll
0x00007ff9d6ec0000 - 0x00007ff9d6ed5000 	C:\Windows\system32\wshbth.dll

VM Arguments:
jvm_args: -Drun.jvmArguments=-Xms128m -Xmx512m -XX:TieredStopAtLevel=1 -Xverify:none -Dspring.output.ansi.enabled=always -D-Xms=128m -D-Xmx=512m -Dcom.sun.management.jmxremote -Dspring.jmx.enabled=true -Dspring.liveBeansView.mbeanDomain -Dspring.application.admin.enabled=true -javaagent:C:\Program Files\JetBrains\IntelliJ IDEA 2019.3.3\lib\idea_rt.jar=54718:C:\Program Files\JetBrains\IntelliJ IDEA 2019.3.3\bin -Dfile.encoding=UTF-8 
java_command: lk.elevenzcode.healthcare.patientapi.PatientApi
java_class_path (initial): C:\Program Files\Java\jdk1.8.0_241\jre\lib\charsets.jar;C:\Program Files\Java\jdk1.8.0_241\jre\lib\deploy.jar;C:\Program Files\Java\jdk1.8.0_241\jre\lib\ext\access-bridge-64.jar;C:\Program Files\Java\jdk1.8.0_241\jre\lib\ext\cldrdata.jar;C:\Program Files\Java\jdk1.8.0_241\jre\lib\ext\dnsns.jar;C:\Program Files\Java\jdk1.8.0_241\jre\lib\ext\jaccess.jar;C:\Program Files\Java\jdk1.8.0_241\jre\lib\ext\jfxrt.jar;C:\Program Files\Java\jdk1.8.0_241\jre\lib\ext\localedata.jar;C:\Program Files\Java\jdk1.8.0_241\jre\lib\ext\nashorn.jar;C:\Program Files\Java\jdk1.8.0_241\jre\lib\ext\sunec.jar;C:\Program Files\Java\jdk1.8.0_241\jre\lib\ext\sunjce_provider.jar;C:\Program Files\Java\jdk1.8.0_241\jre\lib\ext\sunmscapi.jar;C:\Program Files\Java\jdk1.8.0_241\jre\lib\ext\sunpkcs11.jar;C:\Program Files\Java\jdk1.8.0_241\jre\lib\ext\zipfs.jar;C:\Program Files\Java\jdk1.8.0_241\jre\lib\javaws.jar;C:\Program Files\Java\jdk1.8.0_241\jre\lib\jce.jar;C:\Program Files\Java\jdk1.8.0_241\jre\lib\jfr.jar;C:\Program Files\Java\jdk1.8.0_241\jre\lib\jfxswt.jar;C:\Program Files\Java\jdk1.8.0_241\jre\lib\jsse.jar;C:\Program Files\Java\jdk1.8.0_241\jre\lib\management-agent.jar;C:\Program Files\Java\jdk1.8.0_241\jre\lib\plugin.jar;C:\Program Files\Java\jdk1.8.0_241\jre\lib\resources.jar;C:\Program Files\Java\jdk1.8.0_241\jre\lib\rt.jar;D:\Projects\Developing\health-care\patient-api\target\classes;D:\Projects\Developing\health-care\commons\target\classes;C:\Users\Danushka\.m2\repository\org\springframework\boot\spring-boot-starter-jersey\2.2.5.RELEASE\spring-boot-starter-jersey-2.2.5.RELEASE.jar;C:\Users\Danushka\.m2\repository\jakarta\ws\rs\jakarta.ws.rs-api\2.1.6\jakarta.ws.rs-api-2.1.6.jar;C:\Users\Danushka\.m2\repository\org\glassfish\jersey\core\jersey-server\2.29.1\jersey-server-2.29.1.jar;C:\Users\Danushka\.m2\repository\org\glassfish\jersey\core\jersey-common\2.29.1\jersey-common-2.29.1.jar;C:\Users\Danushka\.m2\repository\org\glassfish\hk2\osgi-resource-locator\1.0
Launcher Type: SUN_STANDARD

Environment Variables:
JAVA_HOME=C:\Program Files\Java\jdk1.8.0_241
PATH=C:\Oracle_Database\bin;C:\Program Files (x86)\Common Files\Oracle\Java\javapath;C:\Windows\system32;C:\Windows;C:\Windows\System32\Wbem;C:\Windows\System32\WindowsPowerShell\v1.0\;C:\Windows\System32\OpenSSH\;C:\Program Files (x86)\NVIDIA Corporation\PhysX\Common;C:\Program Files\NVIDIA Corporation\NVIDIA NvDLISR;C:\Program Files\Intel\WiFi\bin\;C:\Program Files\Common Files\Intel\WirelessCommon\;C:\Program Files\Git\cmd;C:\Program Files\Java\jdk1.8.0_241\bin;C:\Program Files (x86)\Microsoft SQL Server\150\DTS\Binn\;C:\Program Files\dotnet\;C:\Program Files\Microsoft SQL Server\130\Tools\Binn\;C:\Program Files\Microsoft SQL Server\Client SDK\ODBC\170\Tools\Binn\;C:\Program Files (x86)\Microsoft SQL Server\150\Tools\Binn\;C:\Program Files\Microsoft SQL Server\150\Tools\Binn\;C:\Program Files\Microsoft SQL Server\150\DTS\Binn\;C:\Program Files (x86)\Microsoft SQL Server\110\DTS\Binn\;C:\Program Files (x86)\Microsoft SQL Server\120\DTS\Binn\;C:\Program Files (x86)\Microsoft SQL Server\130\DTS\Binn\;C:\Program Files (x86)\Microsoft SQL Server\140\DTS\Binn\;C:\Users\Danushka\AppData\Local\Microsoft\WindowsApps;;C:\Users\Danushka\AppData\Local\Programs\Microsoft VS Code\bin
USERNAME=Danushka
OS=Windows_NT
PROCESSOR_IDENTIFIER=Intel64 Family 6 Model 158 Stepping 10, GenuineIntel



---------------  S Y S T E M  ---------------

OS: Windows 10.0 , 64 bit Build 17763 (10.0.17763.475)

CPU:total 8 (initial active 8) (4 cores per cpu, 2 threads per core) family 6 model 158 stepping 10, cmov, cx8, fxsr, mmx, sse, sse2, sse3, ssse3, sse4.1, sse4.2, popcnt, avx, avx2, aes, clmul, erms, 3dnowpref, lzcnt, ht, tsc, tscinvbit, bmi1, bmi2, adx

Memory: 4k page, physical 16620164k(4867560k free), swap 53413632k(5120k free)

vm_info: Java HotSpot(TM) 64-Bit Server VM (25.241-b07) for windows-amd64 JRE (1.8.0_241-b07), built on Dec 11 2019 10:21:40 by "rejava" with MS VC++ 10.0 (VS2010)

time: Wed Apr 08 13:17:33 2020
timezone: Sri Lanka Standard Time
elapsed time: 4 seconds (0d 0h 0m 4s)

